<?xml version="1.0" encoding="UTF-8"?>
<!-- Generated by org.testng.reporters.JUnitReportReporter -->
<testsuite hostname="PAFSH-D0019" name="automationFramework.MultipleTest" tests="4" failures="0" timestamp="26 Jan 2016 08:03:53 GMT" time="0.023" errors="0">
  <testcase name="Two" time="0.001" classname="automationFramework.MultipleTest"/>
  <testcase name="Three" time="0.002" classname="automationFramework.MultipleTest"/>
  <testcase name="Four" time="0.002" classname="automationFramework.MultipleTest"/>
  <testcase name="One" time="0.018" classname="automationFramework.MultipleTest"/>
</testsuite> <!-- automationFramework.MultipleTest -->
