<?xml version="1.0" encoding="UTF-8"?>
<!-- Generated by org.testng.reporters.JUnitReportReporter -->
<testsuite hostname="PAFSH-D0019" name="automationFramework.Login" tests="1" failures="0" timestamp="7 Apr 2016 01:55:57 GMT" time="12.694" errors="0">
  <testcase name="main" time="12.694" classname="automationFramework.Login"/>
</testsuite> <!-- automationFramework.Login -->
