<?xml version="1.0" encoding="UTF-8"?>
<!-- Generated by org.testng.reporters.JUnitReportReporter -->
<testsuite hostname="PAFSH-D0019" name="automationFramework.TestNG" tests="1" failures="0" timestamp="29 Jan 2016 09:14:28 GMT" time="21.437" errors="0">
  <testcase name="main" time="21.437" classname="automationFramework.TestNG"/>
</testsuite> <!-- automationFramework.TestNG -->
